<?xml version="1.0" encoding="UTF-8"?>
<testsuite xmlns:xsi="http://www.w3.org/2001/XMLSchema-instance" xsi:noNamespaceSchemaLocation="https://maven.apache.org/surefire/maven-surefire-plugin/xsd/surefire-test-report-3.0.xsd" version="3.0" name="test.java.com.example.CalculatorTest" time="0.05" tests="5" errors="0" skipped="0" failures="0">
  <properties>
[...]
</properties>
  <testcase name="testDivideByZero" classname="test.java.com.example.CalculatorTest" time="0.026"/>
  <testcase name="testAdd" classname="test.java.com.example.CalculatorTest" time="0.001"/>
  <testcase name="testSubtract" classname="test.java.com.example.CalculatorTest" time="0.001"/>
  <testcase name="testDivide" classname="test.java.com.example.CalculatorTest" time="0.004"/>
  <testcase name="testMultiply" classname="test.java.com.example.CalculatorTest" time="0.001"/>
</testsuite>